{"/workspace/eslint.config.mjs": {"path":"/workspace/eslint.config.mjs","all":true,"statementMap":{"0":{"start":{"line":1,"column":0},"end":{"line":1,"column":28}},"1":{"start":{"line":2,"column":0},"end":{"line":2,"column":61}},"2":{"start":{"line":3,"column":0},"end":{"line":3,"column":49}},"3":{"start":{"line":4,"column":0},"end":{"line":4,"column":30}},"5":{"start":{"line":6,"column":0},"end":{"line":6,"column":16}},"6":{"start":{"line":7,"column":0},"end":{"line":7,"column":25}},"7":{"start":{"line":8,"column":0},"end":{"line":8,"column":3}},"8":{"start":{"line":9,"column":0},"end":{"line":9,"column":29}},"9":{"start":{"line":10,"column":0},"end":{"line":10,"column":22}},"10":{"start":{"line":11,"column":0},"end":{"line":11,"column":23}},"11":{"start":{"line":12,"column":0},"end":{"line":12,"column":22}},"12":{"start":{"line":13,"column":0},"end":{"line":13,"column":30}},"13":{"start":{"line":14,"column":0},"end":{"line":14,"column":28}},"14":{"start":{"line":15,"column":0},"end":{"line":15,"column":8}},"15":{"start":{"line":16,"column":0},"end":{"line":16,"column":16}},"16":{"start":{"line":17,"column":0},"end":{"line":17,"column":27}},"17":{"start":{"line":18,"column":0},"end":{"line":18,"column":23}},"18":{"start":{"line":19,"column":0},"end":{"line":19,"column":7}},"19":{"start":{"line":20,"column":0},"end":{"line":20,"column":6}},"20":{"start":{"line":21,"column":0},"end":{"line":21,"column":14}},"21":{"start":{"line":22,"column":0},"end":{"line":22,"column":36}},"22":{"start":{"line":23,"column":0},"end":{"line":23,"column":6}},"23":{"start":{"line":24,"column":0},"end":{"line":24,"column":12}},"24":{"start":{"line":25,"column":0},"end":{"line":25,"column":34}},"25":{"start":{"line":26,"column":0},"end":{"line":26,"column":36}},"26":{"start":{"line":27,"column":0},"end":{"line":27,"column":24}},"27":{"start":{"line":28,"column":0},"end":{"line":28,"column":29}},"28":{"start":{"line":29,"column":0},"end":{"line":29,"column":5}},"29":{"start":{"line":30,"column":0},"end":{"line":30,"column":3}},"30":{"start":{"line":31,"column":0},"end":{"line":31,"column":2}}},"s":{"0":0,"1":0,"2":0,"3":0,"5":0,"6":0,"7":0,"8":0,"9":0,"10":0,"11":0,"12":0,"13":0,"14":0,"15":0,"16":0,"17":0,"18":0,"19":0,"20":0,"21":0,"22":0,"23":0,"24":0,"25":0,"26":0,"27":0,"28":0,"29":0,"30":0},"branchMap":{"0":{"type":"branch","line":1,"loc":{"start":{"line":1,"column":0},"end":{"line":31,"column":-300}},"locations":[{"start":{"line":1,"column":0},"end":{"line":31,"column":-300}}]}},"b":{"0":[0]},"fnMap":{"0":{"name":"(empty-report)","decl":{"start":{"line":1,"column":0},"end":{"line":31,"column":-300}},"loc":{"start":{"line":1,"column":0},"end":{"line":31,"column":-300}},"line":1}},"f":{"0":0}}
,"/workspace/src/FeedbackWidget.ts": {"path":"/workspace/src/FeedbackWidget.ts","all":false,"statementMap":{"0":{"start":{"line":1,"column":0},"end":{"line":1,"column":41}},"31":{"start":{"line":32,"column":0},"end":{"line":32,"column":49}},"32":{"start":{"line":33,"column":0},"end":{"line":33,"column":21}},"33":{"start":{"line":34,"column":0},"end":{"line":34,"column":26}},"34":{"start":{"line":35,"column":0},"end":{"line":35,"column":42}},"35":{"start":{"line":36,"column":0},"end":{"line":36,"column":29}},"36":{"start":{"line":37,"column":0},"end":{"line":37,"column":12}},"37":{"start":{"line":38,"column":0},"end":{"line":38,"column":30}},"38":{"start":{"line":39,"column":0},"end":{"line":39,"column":34}},"39":{"start":{"line":40,"column":0},"end":{"line":40,"column":33}},"40":{"start":{"line":41,"column":0},"end":{"line":41,"column":5}},"41":{"start":{"line":42,"column":0},"end":{"line":42,"column":4}},"42":{"start":{"line":43,"column":0},"end":{"line":43,"column":38}},"44":{"start":{"line":45,"column":0},"end":{"line":45,"column":46}},"46":{"start":{"line":47,"column":0},"end":{"line":47,"column":35}},"47":{"start":{"line":48,"column":0},"end":{"line":48,"column":22}},"48":{"start":{"line":49,"column":0},"end":{"line":49,"column":3}},"50":{"start":{"line":51,"column":0},"end":{"line":51,"column":80}},"51":{"start":{"line":52,"column":0},"end":{"line":52,"column":28}},"52":{"start":{"line":53,"column":0},"end":{"line":53,"column":24}},"53":{"start":{"line":54,"column":0},"end":{"line":54,"column":20}},"54":{"start":{"line":55,"column":0},"end":{"line":55,"column":5}},"55":{"start":{"line":56,"column":0},"end":{"line":56,"column":3}},"57":{"start":{"line":58,"column":0},"end":{"line":58,"column":17}},"58":{"start":{"line":59,"column":0},"end":{"line":59,"column":12}},"59":{"start":{"line":60,"column":0},"end":{"line":60,"column":54}},"60":{"start":{"line":61,"column":0},"end":{"line":61,"column":22}},"61":{"start":{"line":62,"column":0},"end":{"line":62,"column":18}},"62":{"start":{"line":63,"column":0},"end":{"line":63,"column":3}},"64":{"start":{"line":65,"column":0},"end":{"line":65,"column":22}},"65":{"start":{"line":66,"column":0},"end":{"line":66,"column":51}},"66":{"start":{"line":67,"column":0},"end":{"line":67,"column":21}},"67":{"start":{"line":68,"column":0},"end":{"line":68,"column":11}},"68":{"start":{"line":69,"column":0},"end":{"line":69,"column":50}},"69":{"start":{"line":70,"column":0},"end":{"line":70,"column":23}},"70":{"start":{"line":71,"column":0},"end":{"line":71,"column":25}},"71":{"start":{"line":72,"column":0},"end":{"line":72,"column":24}},"72":{"start":{"line":73,"column":0},"end":{"line":73,"column":18}},"73":{"start":{"line":74,"column":0},"end":{"line":74,"column":33}},"74":{"start":{"line":75,"column":0},"end":{"line":75,"column":39}},"75":{"start":{"line":76,"column":0},"end":{"line":76,"column":11}},"76":{"start":{"line":77,"column":0},"end":{"line":77,"column":10}},"77":{"start":{"line":78,"column":0},"end":{"line":78,"column":55}},"78":{"start":{"line":79,"column":0},"end":{"line":79,"column":19}},"79":{"start":{"line":80,"column":0},"end":{"line":80,"column":51}},"80":{"start":{"line":81,"column":0},"end":{"line":81,"column":7}},"81":{"start":{"line":82,"column":0},"end":{"line":82,"column":5}},"82":{"start":{"line":83,"column":0},"end":{"line":83,"column":3}},"84":{"start":{"line":85,"column":0},"end":{"line":85,"column":18}},"85":{"start":{"line":86,"column":0},"end":{"line":86,"column":48}},"86":{"start":{"line":87,"column":0},"end":{"line":87,"column":30}},"87":{"start":{"line":88,"column":0},"end":{"line":88,"column":34}},"88":{"start":{"line":89,"column":0},"end":{"line":89,"column":33}},"89":{"start":{"line":90,"column":0},"end":{"line":90,"column":21}},"90":{"start":{"line":91,"column":0},"end":{"line":91,"column":60}},"92":{"start":{"line":93,"column":0},"end":{"line":93,"column":29}},"96":{"start":{"line":97,"column":0},"end":{"line":97,"column":27}},"103":{"start":{"line":104,"column":0},"end":{"line":104,"column":57}},"405":{"start":{"line":406,"column":0},"end":{"line":406,"column":87}},"410":{"start":{"line":411,"column":0},"end":{"line":411,"column":61}},"427":{"start":{"line":428,"column":0},"end":{"line":428,"column":99}},"469":{"start":{"line":470,"column":0},"end":{"line":470,"column":3}},"471":{"start":{"line":472,"column":0},"end":{"line":472,"column":55}},"472":{"start":{"line":473,"column":0},"end":{"line":473,"column":23}},"473":{"start":{"line":474,"column":0},"end":{"line":474,"column":25}},"474":{"start":{"line":475,"column":0},"end":{"line":475,"column":43}},"475":{"start":{"line":476,"column":0},"end":{"line":476,"column":23}},"476":{"start":{"line":477,"column":0},"end":{"line":477,"column":41}},"477":{"start":{"line":478,"column":0},"end":{"line":478,"column":22}},"478":{"start":{"line":479,"column":0},"end":{"line":479,"column":40}},"479":{"start":{"line":480,"column":0},"end":{"line":480,"column":14}},"480":{"start":{"line":481,"column":0},"end":{"line":481,"column":44}},"481":{"start":{"line":482,"column":0},"end":{"line":482,"column":5}},"482":{"start":{"line":483,"column":0},"end":{"line":483,"column":3}},"484":{"start":{"line":485,"column":0},"end":{"line":485,"column":29}},"485":{"start":{"line":486,"column":0},"end":{"line":486,"column":31}},"486":{"start":{"line":487,"column":0},"end":{"line":487,"column":3}},"488":{"start":{"line":489,"column":0},"end":{"line":489,"column":31}},"489":{"start":{"line":490,"column":0},"end":{"line":490,"column":73}},"490":{"start":{"line":491,"column":0},"end":{"line":491,"column":67}},"491":{"start":{"line":492,"column":0},"end":{"line":492,"column":71}},"492":{"start":{"line":493,"column":0},"end":{"line":493,"column":69}},"493":{"start":{"line":494,"column":0},"end":{"line":494,"column":59}},"494":{"start":{"line":495,"column":0},"end":{"line":495,"column":73}},"495":{"start":{"line":496,"column":0},"end":{"line":496,"column":73}},"496":{"start":{"line":497,"column":0},"end":{"line":497,"column":71}},"498":{"start":{"line":499,"column":0},"end":{"line":499,"column":72}},"499":{"start":{"line":500,"column":0},"end":{"line":500,"column":69}},"500":{"start":{"line":501,"column":0},"end":{"line":501,"column":74}},"501":{"start":{"line":502,"column":0},"end":{"line":502,"column":74}},"503":{"start":{"line":504,"column":0},"end":{"line":504,"column":56}},"504":{"start":{"line":505,"column":0},"end":{"line":505,"column":32}},"505":{"start":{"line":506,"column":0},"end":{"line":506,"column":7}},"507":{"start":{"line":508,"column":0},"end":{"line":508,"column":53}},"508":{"start":{"line":509,"column":0},"end":{"line":509,"column":48}},"509":{"start":{"line":510,"column":0},"end":{"line":510,"column":46}},"510":{"start":{"line":511,"column":0},"end":{"line":511,"column":7}},"513":{"start":{"line":514,"column":0},"end":{"line":514,"column":47}},"514":{"start":{"line":515,"column":0},"end":{"line":515,"column":83}},"515":{"start":{"line":516,"column":0},"end":{"line":516,"column":27}},"516":{"start":{"line":517,"column":0},"end":{"line":517,"column":30}},"517":{"start":{"line":518,"column":0},"end":{"line":518,"column":7}},"518":{"start":{"line":519,"column":0},"end":{"line":519,"column":7}},"521":{"start":{"line":522,"column":0},"end":{"line":522,"column":48}},"522":{"start":{"line":523,"column":0},"end":{"line":523,"column":53}},"523":{"start":{"line":524,"column":0},"end":{"line":524,"column":35}},"524":{"start":{"line":525,"column":0},"end":{"line":525,"column":91}},"525":{"start":{"line":526,"column":0},"end":{"line":526,"column":7}},"527":{"start":{"line":528,"column":0},"end":{"line":528,"column":74}},"528":{"start":{"line":529,"column":0},"end":{"line":529,"column":55}},"529":{"start":{"line":530,"column":0},"end":{"line":530,"column":63}},"530":{"start":{"line":531,"column":0},"end":{"line":531,"column":28}},"531":{"start":{"line":532,"column":0},"end":{"line":532,"column":7}},"532":{"start":{"line":533,"column":0},"end":{"line":533,"column":3}},"534":{"start":{"line":535,"column":0},"end":{"line":535,"column":23}},"535":{"start":{"line":536,"column":0},"end":{"line":536,"column":31}},"536":{"start":{"line":537,"column":0},"end":{"line":537,"column":63}},"537":{"start":{"line":538,"column":0},"end":{"line":538,"column":16}},"538":{"start":{"line":539,"column":0},"end":{"line":539,"column":50}},"539":{"start":{"line":540,"column":0},"end":{"line":540,"column":24}},"540":{"start":{"line":541,"column":0},"end":{"line":541,"column":30}},"541":{"start":{"line":542,"column":0},"end":{"line":542,"column":7}},"542":{"start":{"line":543,"column":0},"end":{"line":543,"column":5}},"543":{"start":{"line":544,"column":0},"end":{"line":544,"column":3}},"545":{"start":{"line":546,"column":0},"end":{"line":546,"column":69}},"547":{"start":{"line":548,"column":0},"end":{"line":548,"column":32}},"550":{"start":{"line":551,"column":0},"end":{"line":551,"column":47}},"551":{"start":{"line":552,"column":0},"end":{"line":552,"column":41}},"552":{"start":{"line":553,"column":0},"end":{"line":553,"column":49}},"553":{"start":{"line":554,"column":0},"end":{"line":554,"column":47}},"554":{"start":{"line":555,"column":0},"end":{"line":555,"column":29}},"555":{"start":{"line":556,"column":0},"end":{"line":556,"column":29}},"556":{"start":{"line":557,"column":0},"end":{"line":557,"column":9}},"557":{"start":{"line":558,"column":0},"end":{"line":558,"column":8}},"560":{"start":{"line":561,"column":0},"end":{"line":561,"column":74}},"563":{"start":{"line":564,"column":0},"end":{"line":564,"column":56}},"564":{"start":{"line":565,"column":0},"end":{"line":565,"column":31}},"571":{"start":{"line":572,"column":0},"end":{"line":572,"column":35}},"574":{"start":{"line":575,"column":0},"end":{"line":575,"column":70}},"575":{"start":{"line":576,"column":0},"end":{"line":576,"column":60}},"576":{"start":{"line":577,"column":0},"end":{"line":577,"column":39}},"579":{"start":{"line":580,"column":0},"end":{"line":580,"column":54}},"580":{"start":{"line":581,"column":0},"end":{"line":581,"column":42}},"581":{"start":{"line":582,"column":0},"end":{"line":582,"column":63}},"582":{"start":{"line":583,"column":0},"end":{"line":583,"column":49}},"583":{"start":{"line":584,"column":0},"end":{"line":584,"column":7}},"586":{"start":{"line":587,"column":0},"end":{"line":587,"column":45}},"587":{"start":{"line":588,"column":0},"end":{"line":588,"column":40}},"588":{"start":{"line":589,"column":0},"end":{"line":589,"column":65}},"589":{"start":{"line":590,"column":0},"end":{"line":590,"column":51}},"590":{"start":{"line":591,"column":0},"end":{"line":591,"column":9}},"591":{"start":{"line":592,"column":0},"end":{"line":592,"column":7}},"594":{"start":{"line":595,"column":0},"end":{"line":595,"column":127}},"595":{"start":{"line":596,"column":0},"end":{"line":596,"column":35}},"596":{"start":{"line":597,"column":0},"end":{"line":597,"column":41}},"599":{"start":{"line":600,"column":0},"end":{"line":600,"column":100}},"600":{"start":{"line":601,"column":0},"end":{"line":601,"column":98}},"603":{"start":{"line":604,"column":0},"end":{"line":604,"column":70}},"604":{"start":{"line":605,"column":0},"end":{"line":605,"column":28}},"605":{"start":{"line":606,"column":0},"end":{"line":606,"column":71}},"606":{"start":{"line":607,"column":0},"end":{"line":607,"column":99}},"609":{"start":{"line":610,"column":0},"end":{"line":610,"column":89}},"610":{"start":{"line":611,"column":0},"end":{"line":611,"column":57}},"613":{"start":{"line":614,"column":0},"end":{"line":614,"column":60}},"614":{"start":{"line":615,"column":0},"end":{"line":615,"column":35}},"615":{"start":{"line":616,"column":0},"end":{"line":616,"column":31}},"616":{"start":{"line":617,"column":0},"end":{"line":617,"column":78}},"617":{"start":{"line":618,"column":0},"end":{"line":618,"column":57}},"619":{"start":{"line":620,"column":0},"end":{"line":620,"column":44}},"620":{"start":{"line":621,"column":0},"end":{"line":621,"column":68}},"621":{"start":{"line":622,"column":0},"end":{"line":622,"column":79}},"622":{"start":{"line":623,"column":0},"end":{"line":623,"column":86}},"627":{"start":{"line":628,"column":0},"end":{"line":628,"column":39}},"628":{"start":{"line":629,"column":0},"end":{"line":629,"column":11}},"629":{"start":{"line":630,"column":0},"end":{"line":630,"column":9}},"631":{"start":{"line":632,"column":0},"end":{"line":632,"column":123}},"632":{"start":{"line":633,"column":0},"end":{"line":633,"column":80}},"633":{"start":{"line":634,"column":0},"end":{"line":634,"column":62}},"634":{"start":{"line":635,"column":0},"end":{"line":635,"column":93}},"635":{"start":{"line":636,"column":0},"end":{"line":636,"column":9}},"636":{"start":{"line":637,"column":0},"end":{"line":637,"column":7}},"639":{"start":{"line":640,"column":0},"end":{"line":640,"column":56}},"640":{"start":{"line":641,"column":0},"end":{"line":641,"column":57}},"641":{"start":{"line":642,"column":0},"end":{"line":642,"column":56}},"642":{"start":{"line":643,"column":0},"end":{"line":643,"column":21}},"643":{"start":{"line":644,"column":0},"end":{"line":644,"column":46}},"644":{"start":{"line":645,"column":0},"end":{"line":645,"column":45}},"645":{"start":{"line":646,"column":0},"end":{"line":646,"column":12}},"646":{"start":{"line":647,"column":0},"end":{"line":647,"column":9}},"647":{"start":{"line":648,"column":0},"end":{"line":648,"column":7}},"648":{"start":{"line":649,"column":0},"end":{"line":649,"column":6}},"651":{"start":{"line":652,"column":0},"end":{"line":652,"column":48}},"654":{"start":{"line":655,"column":0},"end":{"line":655,"column":88}},"655":{"start":{"line":656,"column":0},"end":{"line":656,"column":63}},"658":{"start":{"line":659,"column":0},"end":{"line":659,"column":39}},"659":{"start":{"line":660,"column":0},"end":{"line":660,"column":59}},"660":{"start":{"line":661,"column":0},"end":{"line":661,"column":65}},"663":{"start":{"line":664,"column":0},"end":{"line":664,"column":66}},"664":{"start":{"line":665,"column":0},"end":{"line":665,"column":54}},"665":{"start":{"line":666,"column":0},"end":{"line":666,"column":88}},"666":{"start":{"line":667,"column":0},"end":{"line":667,"column":9}},"669":{"start":{"line":670,"column":0},"end":{"line":670,"column":60}},"670":{"start":{"line":671,"column":0},"end":{"line":671,"column":58}},"672":{"start":{"line":673,"column":0},"end":{"line":673,"column":85}},"673":{"start":{"line":674,"column":0},"end":{"line":674,"column":51}},"674":{"start":{"line":675,"column":0},"end":{"line":675,"column":49}},"675":{"start":{"line":676,"column":0},"end":{"line":676,"column":56}},"676":{"start":{"line":677,"column":0},"end":{"line":677,"column":58}},"677":{"start":{"line":678,"column":0},"end":{"line":678,"column":41}},"680":{"start":{"line":681,"column":0},"end":{"line":681,"column":37}},"681":{"start":{"line":682,"column":0},"end":{"line":682,"column":5}},"684":{"start":{"line":685,"column":0},"end":{"line":685,"column":63}},"685":{"start":{"line":686,"column":0},"end":{"line":686,"column":26}},"688":{"start":{"line":689,"column":0},"end":{"line":689,"column":52}},"689":{"start":{"line":690,"column":0},"end":{"line":690,"column":42}},"690":{"start":{"line":691,"column":0},"end":{"line":691,"column":37}},"691":{"start":{"line":692,"column":0},"end":{"line":692,"column":72}},"692":{"start":{"line":693,"column":0},"end":{"line":693,"column":74}},"693":{"start":{"line":694,"column":0},"end":{"line":694,"column":33}},"694":{"start":{"line":695,"column":0},"end":{"line":695,"column":41}},"696":{"start":{"line":697,"column":0},"end":{"line":697,"column":9}},"698":{"start":{"line":699,"column":0},"end":{"line":699,"column":50}},"699":{"start":{"line":700,"column":0},"end":{"line":700,"column":93}},"700":{"start":{"line":701,"column":0},"end":{"line":701,"column":25}},"701":{"start":{"line":702,"column":0},"end":{"line":702,"column":49}},"702":{"start":{"line":703,"column":0},"end":{"line":703,"column":52}},"703":{"start":{"line":704,"column":0},"end":{"line":704,"column":53}},"704":{"start":{"line":705,"column":0},"end":{"line":705,"column":9}},"707":{"start":{"line":708,"column":0},"end":{"line":708,"column":43}},"709":{"start":{"line":710,"column":0},"end":{"line":710,"column":26}},"710":{"start":{"line":711,"column":0},"end":{"line":711,"column":21}},"712":{"start":{"line":713,"column":0},"end":{"line":713,"column":43}},"713":{"start":{"line":714,"column":0},"end":{"line":714,"column":18}},"714":{"start":{"line":715,"column":0},"end":{"line":715,"column":5}},"715":{"start":{"line":716,"column":0},"end":{"line":716,"column":3}},"717":{"start":{"line":718,"column":0},"end":{"line":718,"column":56}},"718":{"start":{"line":719,"column":0},"end":{"line":719,"column":65}},"719":{"start":{"line":720,"column":0},"end":{"line":720,"column":14}},"720":{"start":{"line":721,"column":0},"end":{"line":721,"column":34}},"721":{"start":{"line":722,"column":0},"end":{"line":722,"column":8}},"722":{"start":{"line":723,"column":0},"end":{"line":723,"column":19}},"723":{"start":{"line":724,"column":0},"end":{"line":724,"column":29}},"724":{"start":{"line":725,"column":0},"end":{"line":725,"column":36}},"725":{"start":{"line":726,"column":0},"end":{"line":726,"column":34}},"726":{"start":{"line":727,"column":0},"end":{"line":727,"column":36}},"727":{"start":{"line":728,"column":0},"end":{"line":728,"column":44}},"729":{"start":{"line":730,"column":0},"end":{"line":730,"column":50}},"730":{"start":{"line":731,"column":0},"end":{"line":731,"column":29}},"731":{"start":{"line":732,"column":0},"end":{"line":732,"column":23}},"733":{"start":{"line":734,"column":0},"end":{"line":734,"column":52}},"734":{"start":{"line":735,"column":0},"end":{"line":735,"column":36}},"735":{"start":{"line":736,"column":0},"end":{"line":736,"column":38}},"736":{"start":{"line":737,"column":0},"end":{"line":737,"column":40}},"737":{"start":{"line":738,"column":0},"end":{"line":738,"column":62}},"739":{"start":{"line":740,"column":0},"end":{"line":740,"column":60}},"740":{"start":{"line":741,"column":0},"end":{"line":741,"column":54}},"742":{"start":{"line":743,"column":0},"end":{"line":743,"column":41}},"743":{"start":{"line":744,"column":0},"end":{"line":744,"column":3}},"745":{"start":{"line":746,"column":0},"end":{"line":746,"column":77}},"746":{"start":{"line":747,"column":0},"end":{"line":747,"column":86}},"747":{"start":{"line":748,"column":0},"end":{"line":748,"column":63}},"749":{"start":{"line":750,"column":0},"end":{"line":750,"column":9}},"750":{"start":{"line":751,"column":0},"end":{"line":751,"column":26}},"753":{"start":{"line":754,"column":0},"end":{"line":754,"column":26}},"754":{"start":{"line":755,"column":0},"end":{"line":755,"column":45}},"755":{"start":{"line":756,"column":0},"end":{"line":756,"column":7}},"757":{"start":{"line":758,"column":0},"end":{"line":758,"column":32}},"758":{"start":{"line":759,"column":0},"end":{"line":759,"column":13}},"759":{"start":{"line":760,"column":0},"end":{"line":760,"column":53}},"760":{"start":{"line":761,"column":0},"end":{"line":761,"column":25}},"761":{"start":{"line":762,"column":0},"end":{"line":762,"column":61}},"763":{"start":{"line":764,"column":0},"end":{"line":764,"column":48}},"764":{"start":{"line":765,"column":0},"end":{"line":765,"column":9}},"765":{"start":{"line":766,"column":0},"end":{"line":766,"column":14}},"766":{"start":{"line":767,"column":0},"end":{"line":767,"column":46}},"767":{"start":{"line":768,"column":0},"end":{"line":768,"column":7}},"770":{"start":{"line":771,"column":0},"end":{"line":771,"column":73}},"771":{"start":{"line":772,"column":0},"end":{"line":772,"column":73}},"773":{"start":{"line":774,"column":0},"end":{"line":774,"column":22}},"774":{"start":{"line":775,"column":0},"end":{"line":775,"column":31}},"776":{"start":{"line":777,"column":0},"end":{"line":777,"column":29}},"781":{"start":{"line":782,"column":0},"end":{"line":782,"column":45}},"782":{"start":{"line":783,"column":0},"end":{"line":783,"column":7}},"783":{"start":{"line":784,"column":0},"end":{"line":784,"column":21}},"784":{"start":{"line":785,"column":0},"end":{"line":785,"column":58}},"785":{"start":{"line":786,"column":0},"end":{"line":786,"column":15}},"787":{"start":{"line":788,"column":0},"end":{"line":788,"column":26}},"788":{"start":{"line":789,"column":0},"end":{"line":789,"column":54}},"789":{"start":{"line":790,"column":0},"end":{"line":790,"column":7}},"790":{"start":{"line":791,"column":0},"end":{"line":791,"column":5}},"791":{"start":{"line":792,"column":0},"end":{"line":792,"column":3}},"793":{"start":{"line":794,"column":0},"end":{"line":794,"column":51}},"795":{"start":{"line":796,"column":0},"end":{"line":796,"column":60}},"798":{"start":{"line":799,"column":0},"end":{"line":799,"column":35}},"799":{"start":{"line":800,"column":0},"end":{"line":800,"column":35}},"800":{"start":{"line":801,"column":0},"end":{"line":801,"column":44}},"801":{"start":{"line":802,"column":0},"end":{"line":802,"column":46}},"803":{"start":{"line":804,"column":0},"end":{"line":804,"column":27}},"805":{"start":{"line":806,"column":0},"end":{"line":806,"column":61}},"806":{"start":{"line":807,"column":0},"end":{"line":807,"column":49}},"807":{"start":{"line":808,"column":0},"end":{"line":808,"column":64}},"809":{"start":{"line":810,"column":0},"end":{"line":810,"column":47}},"810":{"start":{"line":811,"column":0},"end":{"line":811,"column":48}},"811":{"start":{"line":812,"column":0},"end":{"line":812,"column":50}},"814":{"start":{"line":815,"column":0},"end":{"line":815,"column":48}},"815":{"start":{"line":816,"column":0},"end":{"line":816,"column":83}},"816":{"start":{"line":817,"column":0},"end":{"line":817,"column":58}},"817":{"start":{"line":818,"column":0},"end":{"line":818,"column":60}},"820":{"start":{"line":821,"column":0},"end":{"line":821,"column":20}},"821":{"start":{"line":822,"column":0},"end":{"line":822,"column":21}},"822":{"start":{"line":823,"column":0},"end":{"line":823,"column":16}},"823":{"start":{"line":824,"column":0},"end":{"line":824,"column":16}},"824":{"start":{"line":825,"column":0},"end":{"line":825,"column":20}},"825":{"start":{"line":826,"column":0},"end":{"line":826,"column":21}},"826":{"start":{"line":827,"column":0},"end":{"line":827,"column":10}},"827":{"start":{"line":828,"column":0},"end":{"line":828,"column":10}},"828":{"start":{"line":829,"column":0},"end":{"line":829,"column":20}},"829":{"start":{"line":830,"column":0},"end":{"line":830,"column":20}},"830":{"start":{"line":831,"column":0},"end":{"line":831,"column":8}},"832":{"start":{"line":833,"column":0},"end":{"line":833,"column":55}},"833":{"start":{"line":834,"column":0},"end":{"line":834,"column":12}},"834":{"start":{"line":835,"column":0},"end":{"line":835,"column":54}},"835":{"start":{"line":836,"column":0},"end":{"line":836,"column":5}},"836":{"start":{"line":837,"column":0},"end":{"line":837,"column":3}},"838":{"start":{"line":839,"column":0},"end":{"line":839,"column":47}},"839":{"start":{"line":840,"column":0},"end":{"line":840,"column":23}},"840":{"start":{"line":841,"column":0},"end":{"line":841,"column":45}},"841":{"start":{"line":842,"column":0},"end":{"line":842,"column":52}},"842":{"start":{"line":843,"column":0},"end":{"line":843,"column":75}},"843":{"start":{"line":844,"column":0},"end":{"line":844,"column":71}},"845":{"start":{"line":846,"column":0},"end":{"line":846,"column":26}},"847":{"start":{"line":848,"column":0},"end":{"line":848,"column":22}},"848":{"start":{"line":849,"column":0},"end":{"line":849,"column":30}},"849":{"start":{"line":850,"column":0},"end":{"line":850,"column":75}},"850":{"start":{"line":851,"column":0},"end":{"line":851,"column":42}},"851":{"start":{"line":852,"column":0},"end":{"line":852,"column":32}},"852":{"start":{"line":853,"column":0},"end":{"line":853,"column":37}},"853":{"start":{"line":854,"column":0},"end":{"line":854,"column":6}},"855":{"start":{"line":856,"column":0},"end":{"line":856,"column":9}},"856":{"start":{"line":857,"column":0},"end":{"line":857,"column":33}},"857":{"start":{"line":858,"column":0},"end":{"line":858,"column":45}},"858":{"start":{"line":859,"column":0},"end":{"line":859,"column":43}},"859":{"start":{"line":860,"column":0},"end":{"line":860,"column":63}},"860":{"start":{"line":861,"column":0},"end":{"line":861,"column":25}},"861":{"start":{"line":862,"column":0},"end":{"line":862,"column":20}},"862":{"start":{"line":863,"column":0},"end":{"line":863,"column":47}},"863":{"start":{"line":864,"column":0},"end":{"line":864,"column":12}},"864":{"start":{"line":865,"column":0},"end":{"line":865,"column":41}},"865":{"start":{"line":866,"column":0},"end":{"line":866,"column":11}},"867":{"start":{"line":868,"column":0},"end":{"line":868,"column":27}},"868":{"start":{"line":869,"column":0},"end":{"line":869,"column":55}},"869":{"start":{"line":870,"column":0},"end":{"line":870,"column":9}},"870":{"start":{"line":871,"column":0},"end":{"line":871,"column":7}},"873":{"start":{"line":874,"column":0},"end":{"line":874,"column":19}},"874":{"start":{"line":875,"column":0},"end":{"line":875,"column":22}},"875":{"start":{"line":876,"column":0},"end":{"line":876,"column":33}},"876":{"start":{"line":877,"column":0},"end":{"line":877,"column":7}},"877":{"start":{"line":878,"column":0},"end":{"line":878,"column":25}},"878":{"start":{"line":879,"column":0},"end":{"line":879,"column":21}},"879":{"start":{"line":880,"column":0},"end":{"line":880,"column":57}},"881":{"start":{"line":882,"column":0},"end":{"line":882,"column":5}},"882":{"start":{"line":883,"column":0},"end":{"line":883,"column":3}},"884":{"start":{"line":885,"column":0},"end":{"line":885,"column":44}},"885":{"start":{"line":886,"column":0},"end":{"line":886,"column":30}},"886":{"start":{"line":887,"column":0},"end":{"line":887,"column":3}},"887":{"start":{"line":888,"column":0},"end":{"line":888,"column":1}},"889":{"start":{"line":890,"column":0},"end":{"line":890,"column":57}}},"s":{"0":1,"31":1,"32":1,"33":1,"34":1,"35":1,"36":1,"37":1,"38":1,"39":1,"40":1,"41":1,"42":1,"44":1,"46":1,"47":1,"48":1,"50":1,"51":1,"52":1,"53":1,"54":1,"55":1,"57":1,"58":5,"59":5,"60":5,"61":5,"62":5,"64":1,"65":6,"66":6,"67":1,"68":1,"69":1,"70":1,"71":1,"72":1,"73":1,"74":1,"75":1,"76":1,"77":1,"78":1,"79":0,"80":0,"81":1,"82":6,"84":1,"85":6,"86":6,"87":6,"88":6,"89":6,"90":6,"92":6,"96":6,"103":6,"405":6,"410":6,"427":6,"469":6,"471":1,"472":6,"473":6,"474":0,"475":6,"476":1,"477":6,"478":0,"479":6,"480":5,"481":6,"482":6,"484":1,"485":0,"486":0,"488":1,"489":0,"490":0,"491":0,"492":0,"493":0,"494":0,"495":0,"496":0,"498":0,"499":0,"500":0,"501":0,"503":0,"504":0,"505":0,"507":0,"508":0,"509":0,"510":0,"513":0,"514":0,"515":0,"516":0,"517":0,"518":0,"521":0,"522":0,"523":0,"524":0,"525":0,"527":0,"528":0,"529":0,"530":0,"531":0,"532":0,"534":1,"535":0,"536":0,"537":0,"538":0,"539":0,"540":0,"541":0,"542":0,"543":0,"545":1,"547":0,"550":0,"551":0,"552":0,"553":0,"554":0,"555":0,"556":0,"557":0,"560":0,"563":0,"564":0,"571":0,"574":0,"575":0,"576":0,"579":0,"580":0,"581":0,"582":0,"583":0,"586":0,"587":0,"588":0,"589":0,"590":0,"591":0,"594":0,"595":0,"596":0,"599":0,"600":0,"603":0,"604":0,"605":0,"606":0,"609":0,"610":0,"613":0,"614":0,"615":0,"616":0,"617":0,"619":0,"620":0,"621":0,"622":0,"627":0,"628":0,"629":0,"631":0,"632":0,"633":0,"634":0,"635":0,"636":0,"639":0,"640":0,"641":0,"642":0,"643":0,"644":0,"645":0,"646":0,"647":0,"648":0,"651":0,"654":0,"655":0,"658":0,"659":0,"660":0,"663":0,"664":0,"665":0,"666":0,"669":0,"670":0,"672":0,"673":0,"674":0,"675":0,"676":0,"677":0,"680":0,"681":0,"684":0,"685":0,"688":0,"689":0,"690":0,"691":0,"692":0,"693":0,"694":0,"696":0,"698":0,"699":0,"700":0,"701":0,"702":0,"703":0,"704":0,"707":0,"709":0,"710":0,"712":0,"713":0,"714":0,"715":0,"717":1,"718":0,"719":0,"720":0,"721":0,"722":0,"723":0,"724":0,"725":0,"726":0,"727":0,"729":0,"730":0,"731":0,"733":0,"734":0,"735":0,"736":0,"737":0,"739":0,"740":0,"742":0,"743":0,"745":1,"746":0,"747":0,"749":0,"750":0,"753":0,"754":0,"755":0,"757":0,"758":0,"759":0,"760":0,"761":0,"763":0,"764":0,"765":0,"766":0,"767":0,"770":0,"771":0,"773":0,"774":0,"776":0,"781":0,"782":0,"783":0,"784":0,"785":0,"787":0,"788":0,"789":0,"790":0,"791":0,"793":1,"795":0,"798":0,"799":0,"800":0,"801":0,"803":0,"805":0,"806":0,"807":0,"809":0,"810":0,"811":0,"814":0,"815":0,"816":0,"817":0,"820":0,"821":0,"822":0,"823":0,"824":0,"825":0,"826":0,"827":0,"828":0,"829":0,"830":0,"832":0,"833":0,"834":0,"835":0,"836":0,"838":1,"839":0,"840":0,"841":0,"842":0,"843":0,"845":0,"847":0,"848":0,"849":0,"850":0,"851":0,"852":0,"853":0,"855":0,"856":0,"857":0,"858":0,"859":0,"860":0,"861":0,"862":0,"863":0,"864":0,"865":0,"867":0,"868":0,"869":0,"870":0,"873":0,"874":0,"875":0,"876":0,"877":0,"878":0,"879":0,"881":0,"882":0,"884":1,"885":1,"886":1,"887":1,"889":1},"branchMap":{"0":{"type":"branch","line":32,"loc":{"start":{"line":32,"column":48},"end":{"line":888,"column":1}},"locations":[{"start":{"line":32,"column":48},"end":{"line":888,"column":1}}]},"1":{"type":"branch","line":32,"loc":{"start":{"line":32,"column":48},"end":{"line":888,"column":1}},"locations":[{"start":{"line":32,"column":48},"end":{"line":888,"column":1}}]},"2":{"type":"branch","line":47,"loc":{"start":{"line":47,"column":2},"end":{"line":49,"column":3}},"locations":[{"start":{"line":47,"column":2},"end":{"line":49,"column":3}}]},"3":{"type":"branch","line":51,"loc":{"start":{"line":51,"column":2},"end":{"line":56,"column":3}},"locations":[{"start":{"line":51,"column":2},"end":{"line":56,"column":3}}]},"4":{"type":"branch","line":58,"loc":{"start":{"line":58,"column":2},"end":{"line":63,"column":3}},"locations":[{"start":{"line":58,"column":2},"end":{"line":63,"column":3}}]},"5":{"type":"branch","line":65,"loc":{"start":{"line":65,"column":2},"end":{"line":83,"column":3}},"locations":[{"start":{"line":65,"column":2},"end":{"line":83,"column":3}}]},"6":{"type":"branch","line":67,"loc":{"start":{"line":67,"column":20},"end":{"line":82,"column":5}},"locations":[{"start":{"line":67,"column":20},"end":{"line":82,"column":5}}]},"7":{"type":"branch","line":75,"loc":{"start":{"line":75,"column":27},"end":{"line":75,"column":39}},"locations":[{"start":{"line":75,"column":27},"end":{"line":75,"column":39}}]},"8":{"type":"branch","line":79,"loc":{"start":{"line":79,"column":6},"end":{"line":81,"column":7}},"locations":[{"start":{"line":79,"column":6},"end":{"line":81,"column":7}}]},"9":{"type":"branch","line":85,"loc":{"start":{"line":85,"column":2},"end":{"line":470,"column":3}},"locations":[{"start":{"line":85,"column":2},"end":{"line":470,"column":3}}]},"10":{"type":"branch","line":104,"loc":{"start":{"line":104,"column":30},"end":{"line":104,"column":55}},"locations":[{"start":{"line":104,"column":30},"end":{"line":104,"column":55}}]},"11":{"type":"branch","line":406,"loc":{"start":{"line":406,"column":48},"end":{"line":406,"column":77}},"locations":[{"start":{"line":406,"column":48},"end":{"line":406,"column":77}}]},"12":{"type":"branch","line":411,"loc":{"start":{"line":411,"column":26},"end":{"line":411,"column":55}},"locations":[{"start":{"line":411,"column":26},"end":{"line":411,"column":55}}]},"13":{"type":"branch","line":428,"loc":{"start":{"line":428,"column":70},"end":{"line":428,"column":95}},"locations":[{"start":{"line":428,"column":70},"end":{"line":428,"column":95}}]},"14":{"type":"branch","line":472,"loc":{"start":{"line":472,"column":10},"end":{"line":483,"column":3}},"locations":[{"start":{"line":472,"column":10},"end":{"line":483,"column":3}}]},"15":{"type":"branch","line":474,"loc":{"start":{"line":474,"column":6},"end":{"line":475,"column":43}},"locations":[{"start":{"line":474,"column":6},"end":{"line":475,"column":43}}]},"16":{"type":"branch","line":476,"loc":{"start":{"line":476,"column":6},"end":{"line":477,"column":41}},"locations":[{"start":{"line":476,"column":6},"end":{"line":477,"column":41}}]},"17":{"type":"branch","line":478,"loc":{"start":{"line":478,"column":6},"end":{"line":479,"column":40}},"locations":[{"start":{"line":478,"column":6},"end":{"line":479,"column":40}}]},"18":{"type":"branch","line":480,"loc":{"start":{"line":480,"column":6},"end":{"line":481,"column":44}},"locations":[{"start":{"line":480,"column":6},"end":{"line":481,"column":44}}]},"19":{"type":"branch","line":885,"loc":{"start":{"line":885,"column":9},"end":{"line":887,"column":3}},"locations":[{"start":{"line":885,"column":9},"end":{"line":887,"column":3}}]}},"b":{"0":[5],"1":[1],"2":[1],"3":[1],"4":[5],"5":[6],"6":[1],"7":[0],"8":[0],"9":[6],"10":[0],"11":[0],"12":[0],"13":[0],"14":[6],"15":[0],"16":[1],"17":[0],"18":[5],"19":[1]},"fnMap":{"0":{"name":"<instance_members_initializer>","decl":{"start":{"line":32,"column":48},"end":{"line":888,"column":1}},"loc":{"start":{"line":32,"column":48},"end":{"line":888,"column":1}},"line":32},"1":{"name":"<static_initializer>","decl":{"start":{"line":32,"column":48},"end":{"line":888,"column":1}},"loc":{"start":{"line":32,"column":48},"end":{"line":888,"column":1}},"line":32},"2":{"name":"get observedAttributes","decl":{"start":{"line":47,"column":2},"end":{"line":49,"column":3}},"loc":{"start":{"line":47,"column":2},"end":{"line":49,"column":3}},"line":47},"3":{"name":"attributeChangedCallback","decl":{"start":{"line":51,"column":2},"end":{"line":56,"column":3}},"loc":{"start":{"line":51,"column":2},"end":{"line":56,"column":3}},"line":51},"4":{"name":"FeedbackWidget","decl":{"start":{"line":58,"column":2},"end":{"line":63,"column":3}},"loc":{"start":{"line":58,"column":2},"end":{"line":63,"column":3}},"line":58},"5":{"name":"loadConfig","decl":{"start":{"line":65,"column":2},"end":{"line":83,"column":3}},"loc":{"start":{"line":65,"column":2},"end":{"line":83,"column":3}},"line":65},"6":{"name":"render","decl":{"start":{"line":85,"column":2},"end":{"line":470,"column":3}},"loc":{"start":{"line":85,"column":2},"end":{"line":470,"column":3}},"line":85},"7":{"name":"getPositionStyles","decl":{"start":{"line":472,"column":10},"end":{"line":483,"column":3}},"loc":{"start":{"line":472,"column":10},"end":{"line":483,"column":3}},"line":472},"8":{"name":"connectedCallback","decl":{"start":{"line":485,"column":2},"end":{"line":487,"column":3}},"loc":{"start":{"line":485,"column":2},"end":{"line":487,"column":3}},"line":485},"9":{"name":"setupEventListeners","decl":{"start":{"line":489,"column":2},"end":{"line":533,"column":3}},"loc":{"start":{"line":489,"column":2},"end":{"line":533,"column":3}},"line":489},"10":{"name":"toggleModal","decl":{"start":{"line":535,"column":2},"end":{"line":544,"column":3}},"loc":{"start":{"line":535,"column":2},"end":{"line":544,"column":3}},"line":535},"11":{"name":"prepareDynamicContent","decl":{"start":{"line":546,"column":2},"end":{"line":716,"column":3}},"loc":{"start":{"line":546,"column":2},"end":{"line":716,"column":3}},"line":546},"12":{"name":"captureScreenViaAPI","decl":{"start":{"line":718,"column":2},"end":{"line":744,"column":3}},"loc":{"start":{"line":718,"column":2},"end":{"line":744,"column":3}},"line":718},"13":{"name":"takeScreenshot","decl":{"start":{"line":746,"column":2},"end":{"line":792,"column":3}},"loc":{"start":{"line":746,"column":2},"end":{"line":792,"column":3}},"line":746},"14":{"name":"captureViaHTML","decl":{"start":{"line":794,"column":2},"end":{"line":837,"column":3}},"loc":{"start":{"line":794,"column":2},"end":{"line":837,"column":3}},"line":794},"15":{"name":"handleSubmit","decl":{"start":{"line":839,"column":2},"end":{"line":883,"column":3}},"loc":{"start":{"line":839,"column":2},"end":{"line":883,"column":3}},"line":839},"16":{"name":"getConfig","decl":{"start":{"line":885,"column":9},"end":{"line":887,"column":3}},"loc":{"start":{"line":885,"column":9},"end":{"line":887,"column":3}},"line":885}},"f":{"0":5,"1":1,"2":1,"3":1,"4":5,"5":6,"6":6,"7":6,"8":0,"9":0,"10":0,"11":0,"12":0,"13":0,"14":0,"15":0,"16":1}}
,"/workspace/src/constants.ts": {"path":"/workspace/src/constants.ts","all":true,"statementMap":{"2":{"start":{"line":3,"column":0},"end":{"line":3,"column":47}},"3":{"start":{"line":4,"column":0},"end":{"line":4,"column":27}},"4":{"start":{"line":5,"column":0},"end":{"line":5,"column":10}},"5":{"start":{"line":6,"column":0},"end":{"line":6,"column":28}},"6":{"start":{"line":7,"column":0},"end":{"line":7,"column":32}},"7":{"start":{"line":8,"column":0},"end":{"line":8,"column":31}},"8":{"start":{"line":9,"column":0},"end":{"line":9,"column":3}},"9":{"start":{"line":10,"column":0},"end":{"line":10,"column":2}},"11":{"start":{"line":12,"column":0},"end":{"line":12,"column":73}}},"s":{"2":0,"3":0,"4":0,"5":0,"6":0,"7":0,"8":0,"9":0,"11":0},"branchMap":{"0":{"type":"branch","line":1,"loc":{"start":{"line":1,"column":50},"end":{"line":12,"column":13}},"locations":[{"start":{"line":1,"column":50},"end":{"line":12,"column":13}}]}},"b":{"0":[1]},"fnMap":{"0":{"name":"(empty-report)","decl":{"start":{"line":1,"column":50},"end":{"line":12,"column":13}},"loc":{"start":{"line":1,"column":50},"end":{"line":12,"column":13}},"line":1}},"f":{"0":1}}
,"/workspace/src/index.ts": {"path":"/workspace/src/index.ts","all":true,"statementMap":{"0":{"start":{"line":1,"column":0},"end":{"line":1,"column":50}},"4":{"start":{"line":5,"column":0},"end":{"line":5,"column":36}},"5":{"start":{"line":6,"column":0},"end":{"line":6,"column":47}},"6":{"start":{"line":7,"column":0},"end":{"line":7,"column":61}},"7":{"start":{"line":8,"column":0},"end":{"line":8,"column":3}},"8":{"start":{"line":9,"column":0},"end":{"line":9,"column":1}}},"s":{"0":0,"4":0,"5":0,"6":0,"7":0,"8":0},"branchMap":{"0":{"type":"branch","line":1,"loc":{"start":{"line":1,"column":341},"end":{"line":9,"column":1}},"locations":[{"start":{"line":1,"column":341},"end":{"line":9,"column":1}}]}},"b":{"0":[0]},"fnMap":{"0":{"name":"(empty-report)","decl":{"start":{"line":1,"column":341},"end":{"line":9,"column":1}},"loc":{"start":{"line":1,"column":341},"end":{"line":9,"column":1}},"line":1}},"f":{"0":0}}
,"/workspace/src/main.ts": {"path":"/workspace/src/main.ts","all":true,"statementMap":{"0":{"start":{"line":1,"column":0},"end":{"line":1,"column":21}},"1":{"start":{"line":2,"column":0},"end":{"line":2,"column":50}},"3":{"start":{"line":4,"column":0},"end":{"line":4,"column":61}},"97":{"start":{"line":98,"column":0},"end":{"line":98,"column":36}},"98":{"start":{"line":99,"column":0},"end":{"line":99,"column":46}},"99":{"start":{"line":100,"column":0},"end":{"line":100,"column":29}},"100":{"start":{"line":101,"column":0},"end":{"line":101,"column":12}},"101":{"start":{"line":102,"column":0},"end":{"line":102,"column":32}},"102":{"start":{"line":103,"column":0},"end":{"line":103,"column":31}},"103":{"start":{"line":104,"column":0},"end":{"line":104,"column":35}},"104":{"start":{"line":105,"column":0},"end":{"line":105,"column":5}},"105":{"start":{"line":106,"column":0},"end":{"line":106,"column":4}},"108":{"start":{"line":109,"column":0},"end":{"line":109,"column":52}}},"s":{"0":0,"1":0,"3":0,"97":0,"98":0,"99":0,"100":0,"101":0,"102":0,"103":0,"104":0,"105":0,"108":0},"branchMap":{"0":{"type":"branch","line":1,"loc":{"start":{"line":1,"column":0},"end":{"line":109,"column":9}},"locations":[{"start":{"line":1,"column":0},"end":{"line":109,"column":9}}]}},"b":{"0":[0]},"fnMap":{"0":{"name":"(empty-report)","decl":{"start":{"line":1,"column":0},"end":{"line":109,"column":9}},"loc":{"start":{"line":1,"column":0},"end":{"line":109,"column":9}},"line":1}},"f":{"0":0}}
,"/workspace/src/types/index.ts": {"path":"/workspace/src/types/index.ts","all":true,"statementMap":{},"s":{},"branchMap":{"0":{"type":"branch","line":1,"loc":{"start":{"line":1,"column":469},"end":{"line":20,"column":1}},"locations":[{"start":{"line":1,"column":469},"end":{"line":20,"column":1}}]}},"b":{"0":[1]},"fnMap":{"0":{"name":"(empty-report)","decl":{"start":{"line":1,"column":469},"end":{"line":20,"column":1}},"loc":{"start":{"line":1,"column":469},"end":{"line":20,"column":1}},"line":1}},"f":{"0":1}}
}
